{"C:\\folderNodeJS\\Practicum\\sprint_x\\src\\services\\router\\Route.ts": {"path":"C:\\folderNodeJS\\Practicum\\sprint_x\\src\\services\\router\\Route.ts","statementMap":{"0":{"start":{"line":12,"column":18},"end":{"line":12,"column":31}},"1":{"start":{"line":13,"column":18},"end":{"line":13,"column":80}},"2":{"start":{"line":14,"column":18},"end":{"line":14,"column":53}},"3":{"start":{"line":15,"column":18},"end":{"line":15,"column":36}},"4":{"start":{"line":17,"column":8},"end":{"line":17,"column":27}},"5":{"start":{"line":18,"column":8},"end":{"line":18,"column":62}},"6":{"start":{"line":19,"column":8},"end":{"line":19,"column":65}},"7":{"start":{"line":20,"column":8},"end":{"line":20,"column":67}},"8":{"start":{"line":21,"column":8},"end":{"line":21,"column":42}},"9":{"start":{"line":25,"column":8},"end":{"line":28,"column":null}},"10":{"start":{"line":26,"column":12},"end":{"line":26,"column":30}},"11":{"start":{"line":27,"column":12},"end":{"line":27,"column":26}},"12":{"start":{"line":32,"column":8},"end":{"line":34,"column":null}},"13":{"start":{"line":33,"column":12},"end":{"line":33,"column":31}},"14":{"start":{"line":38,"column":8},"end":{"line":38,"column":35}},"15":{"start":{"line":42,"column":8},"end":{"line":42,"column":26}},"16":{"start":{"line":43,"column":8},"end":{"line":52,"column":null}},"17":{"start":{"line":44,"column":12},"end":{"line":44,"column":74}},"18":{"start":{"line":47,"column":12},"end":{"line":47,"column":67}},"19":{"start":{"line":47,"column":38},"end":{"line":47,"column":67}},"20":{"start":{"line":48,"column":12},"end":{"line":48,"column":null}},"21":{"start":{"line":49,"column":12},"end":{"line":49,"column":59}},"22":{"start":{"line":50,"column":12},"end":{"line":50,"column":76}},"23":{"start":{"line":50,"column":34},"end":{"line":50,"column":76}},"24":{"start":{"line":51,"column":12},"end":{"line":51,"column":19}},"25":{"start":{"line":55,"column":8},"end":{"line":55,"column":55}},"26":{"start":{"line":56,"column":8},"end":{"line":56,"column":72}},"27":{"start":{"line":56,"column":30},"end":{"line":56,"column":72}},"28":{"start":{"line":57,"column":8},"end":{"line":57,"column":63}},"29":{"start":{"line":57,"column":34},"end":{"line":57,"column":63}},"30":{"start":{"line":58,"column":8},"end":{"line":58,"column":54}},"31":{"start":{"line":4,"column":0},"end":{"line":4,"column":21}}},"fnMap":{"0":{"name":"(anonymous_0)","decl":{"start":{"line":11,"column":4},"end":{"line":11,"column":null}},"loc":{"start":{"line":15,"column":36},"end":{"line":22,"column":5}}},"1":{"name":"(anonymous_1)","decl":{"start":{"line":24,"column":4},"end":{"line":24,"column":12}},"loc":{"start":{"line":24,"column":25},"end":{"line":29,"column":5}}},"2":{"name":"(anonymous_2)","decl":{"start":{"line":31,"column":4},"end":{"line":31,"column":9}},"loc":{"start":{"line":31,"column":9},"end":{"line":35,"column":5}}},"3":{"name":"(anonymous_3)","decl":{"start":{"line":37,"column":4},"end":{"line":37,"column":9}},"loc":{"start":{"line":37,"column":22},"end":{"line":39,"column":5}}},"4":{"name":"(anonymous_4)","decl":{"start":{"line":41,"column":4},"end":{"line":41,"column":10}},"loc":{"start":{"line":41,"column":10},"end":{"line":60,"column":5}}}},"branchMap":{"0":{"loc":{"start":{"line":25,"column":8},"end":{"line":28,"column":null}},"type":"if","locations":[{"start":{"line":25,"column":8},"end":{"line":28,"column":null}}]},"1":{"loc":{"start":{"line":32,"column":8},"end":{"line":34,"column":null}},"type":"if","locations":[{"start":{"line":32,"column":8},"end":{"line":34,"column":null}}]},"2":{"loc":{"start":{"line":43,"column":8},"end":{"line":52,"column":null}},"type":"if","locations":[{"start":{"line":43,"column":8},"end":{"line":52,"column":null}}]},"3":{"loc":{"start":{"line":47,"column":12},"end":{"line":47,"column":67}},"type":"if","locations":[{"start":{"line":47,"column":12},"end":{"line":47,"column":67}}]},"4":{"loc":{"start":{"line":48,"column":12},"end":{"line":48,"column":57}},"type":"cond-expr","locations":[{"start":{"line":48,"column":23},"end":{"line":48,"column":25}},{"start":{"line":48,"column":23},"end":{"line":48,"column":57}}]},"5":{"loc":{"start":{"line":48,"column":12},"end":{"line":48,"column":25}},"type":"binary-expr","locations":[{"start":{"line":48,"column":12},"end":{"line":48,"column":25}},{"start":{"line":48,"column":23},"end":{"line":48,"column":25}}]},"6":{"loc":{"start":{"line":50,"column":12},"end":{"line":50,"column":76}},"type":"if","locations":[{"start":{"line":50,"column":12},"end":{"line":50,"column":76}}]},"7":{"loc":{"start":{"line":56,"column":8},"end":{"line":56,"column":72}},"type":"if","locations":[{"start":{"line":56,"column":8},"end":{"line":56,"column":72}}]},"8":{"loc":{"start":{"line":57,"column":8},"end":{"line":57,"column":63}},"type":"if","locations":[{"start":{"line":57,"column":8},"end":{"line":57,"column":63}}]},"9":{"loc":{"start":{"line":58,"column":8},"end":{"line":58,"column":53}},"type":"cond-expr","locations":[{"start":{"line":58,"column":19},"end":{"line":58,"column":21}},{"start":{"line":58,"column":19},"end":{"line":58,"column":53}}]},"10":{"loc":{"start":{"line":58,"column":8},"end":{"line":58,"column":21}},"type":"binary-expr","locations":[{"start":{"line":58,"column":8},"end":{"line":58,"column":21}},{"start":{"line":58,"column":19},"end":{"line":58,"column":21}}]}},"s":{"0":3,"1":3,"2":3,"3":3,"4":3,"5":3,"6":3,"7":3,"8":3,"9":0,"10":0,"11":0,"12":0,"13":0,"14":9,"15":1,"16":1,"17":1,"18":1,"19":1,"20":1,"21":1,"22":1,"23":1,"24":1,"25":0,"26":0,"27":0,"28":0,"29":0,"30":0,"31":1},"f":{"0":3,"1":0,"2":0,"3":9,"4":1},"b":{"0":[0],"1":[0],"2":[1],"3":[1],"4":[0,1],"5":[1,1],"6":[1],"7":[0],"8":[0],"9":[0,0],"10":[0,0]}}
,"C:\\folderNodeJS\\Practicum\\sprint_x\\src\\services\\router\\index.ts": {"path":"C:\\folderNodeJS\\Practicum\\sprint_x\\src\\services\\router\\index.ts","statementMap":{"0":{"start":{"line":13,"column":0},"end":{"line":13,"column":28}},"1":{"start":{"line":15,"column":0},"end":{"line":15,"column":null}},"2":{"start":{"line":16,"column":4},"end":{"line":16,"column":null}},"3":{"start":{"line":17,"column":4},"end":{"line":17,"column":null}},"4":{"start":{"line":18,"column":4},"end":{"line":18,"column":null}},"5":{"start":{"line":19,"column":4},"end":{"line":19,"column":null}},"6":{"start":{"line":20,"column":4},"end":{"line":20,"column":null}},"7":{"start":{"line":21,"column":4},"end":{"line":21,"column":null}},"8":{"start":{"line":22,"column":4},"end":{"line":22,"column":null}},"9":{"start":{"line":23,"column":4},"end":{"line":23,"column":null}},"10":{"start":{"line":24,"column":4},"end":{"line":24,"column":null}},"11":{"start":{"line":38,"column":8},"end":{"line":40,"column":null}},"12":{"start":{"line":39,"column":12},"end":{"line":39,"column":37}},"13":{"start":{"line":41,"column":8},"end":{"line":41,"column":33}},"14":{"start":{"line":43,"column":8},"end":{"line":43,"column":25}},"15":{"start":{"line":44,"column":8},"end":{"line":44,"column":38}},"16":{"start":{"line":45,"column":8},"end":{"line":45,"column":34}},"17":{"start":{"line":46,"column":8},"end":{"line":46,"column":36}},"18":{"start":{"line":49,"column":8},"end":{"line":56,"column":null}},"19":{"start":{"line":50,"column":27},"end":{"line":50,"column":56}},"20":{"start":{"line":51,"column":12},"end":{"line":55,"column":null}},"21":{"start":{"line":52,"column":16},"end":{"line":52,"column":35}},"22":{"start":{"line":53,"column":16},"end":{"line":53,"column":79}},"23":{"start":{"line":53,"column":54},"end":{"line":53,"column":79}},"24":{"start":{"line":67,"column":22},"end":{"line":67,"column":75}},"25":{"start":{"line":69,"column":8},"end":{"line":69,"column":32}},"26":{"start":{"line":71,"column":8},"end":{"line":71,"column":20}},"27":{"start":{"line":76,"column":8},"end":{"line":78,"column":22}},"28":{"start":{"line":77,"column":12},"end":{"line":77,"column":52}},"29":{"start":{"line":80,"column":8},"end":{"line":80,"column":48}},"30":{"start":{"line":85,"column":8},"end":{"line":85,"column":45}},"31":{"start":{"line":86,"column":8},"end":{"line":86,"column":28}},"32":{"start":{"line":92,"column":20},"end":{"line":92,"column":39}},"33":{"start":{"line":94,"column":8},"end":{"line":97,"column":null}},"34":{"start":{"line":95,"column":12},"end":{"line":95,"column":51}},"35":{"start":{"line":96,"column":12},"end":{"line":96,"column":31}},"36":{"start":{"line":96,"column":24},"end":{"line":96,"column":31}},"37":{"start":{"line":99,"column":8},"end":{"line":102,"column":null}},"38":{"start":{"line":104,"column":8},"end":{"line":104,"column":35}},"39":{"start":{"line":105,"column":8},"end":{"line":105,"column":23}},"40":{"start":{"line":109,"column":8},"end":{"line":109,"column":60}},"41":{"start":{"line":109,"column":41},"end":{"line":109,"column":58}},"42":{"start":{"line":112,"column":20},"end":{"line":112,"column":40}},"43":{"start":{"line":114,"column":23},"end":{"line":114,"column":46}},"44":{"start":{"line":26,"column":0},"end":{"line":26,"column":13}},"45":{"start":{"line":117,"column":15},"end":{"line":117,"column":33}},"46":{"start":{"line":119,"column":0},"end":{"line":119,"column":22}}},"fnMap":{"0":{"name":"(anonymous_1)","decl":{"start":{"line":15,"column":0},"end":{"line":15,"column":12}},"loc":{"start":{"line":15,"column":18},"end":{"line":25,"column":1}}},"1":{"name":"(anonymous_2)","decl":{"start":{"line":35,"column":4},"end":{"line":35,"column":17}},"loc":{"start":{"line":35,"column":34},"end":{"line":57,"column":5}}},"2":{"name":"(anonymous_3)","decl":{"start":{"line":49,"column":48},"end":{"line":49,"column":49}},"loc":{"start":{"line":49,"column":54},"end":{"line":56,"column":9}}},"3":{"name":"(anonymous_4)","decl":{"start":{"line":61,"column":11},"end":{"line":61,"column":14}},"loc":{"start":{"line":65,"column":35},"end":{"line":72,"column":5}}},"4":{"name":"(anonymous_5)","decl":{"start":{"line":75,"column":11},"end":{"line":75,"column":16}},"loc":{"start":{"line":75,"column":16},"end":{"line":81,"column":5}}},"5":{"name":"(anonymous_6)","decl":{"start":{"line":76,"column":29},"end":{"line":76,"column":32}},"loc":{"start":{"line":76,"column":34},"end":{"line":78,"column":9}}},"6":{"name":"(anonymous_7)","decl":{"start":{"line":84,"column":11},"end":{"line":84,"column":13}},"loc":{"start":{"line":84,"column":26},"end":{"line":87,"column":5}}},"7":{"name":"(anonymous_8)","decl":{"start":{"line":90,"column":12},"end":{"line":90,"column":20}},"loc":{"start":{"line":90,"column":33},"end":{"line":106,"column":5}}},"8":{"name":"(anonymous_9)","decl":{"start":{"line":108,"column":11},"end":{"line":108,"column":19}},"loc":{"start":{"line":108,"column":32},"end":{"line":110,"column":5}}},"9":{"name":"(anonymous_10)","decl":{"start":{"line":109,"column":32},"end":{"line":109,"column":37}},"loc":{"start":{"line":109,"column":41},"end":{"line":109,"column":58}}},"10":{"name":"(anonymous_11)","decl":{"start":{"line":112,"column":11},"end":{"line":112,"column":15}},"loc":{"start":{"line":112,"column":15},"end":{"line":112,"column":42}}},"11":{"name":"(anonymous_12)","decl":{"start":{"line":114,"column":11},"end":{"line":114,"column":18}},"loc":{"start":{"line":114,"column":18},"end":{"line":114,"column":48}}}},"branchMap":{"0":{"loc":{"start":{"line":15,"column":12},"end":{"line":15,"column":null}},"type":"binary-expr","locations":[{"start":{"line":15,"column":12},"end":{"line":15,"column":18}},{"start":{"line":15,"column":12},"end":{"line":15,"column":null}}]},"1":{"loc":{"start":{"line":38,"column":8},"end":{"line":40,"column":null}},"type":"if","locations":[{"start":{"line":38,"column":8},"end":{"line":40,"column":null}}]},"2":{"loc":{"start":{"line":51,"column":12},"end":{"line":55,"column":null}},"type":"if","locations":[{"start":{"line":51,"column":12},"end":{"line":55,"column":null}}]},"3":{"loc":{"start":{"line":53,"column":16},"end":{"line":53,"column":79}},"type":"if","locations":[{"start":{"line":53,"column":16},"end":{"line":53,"column":79}}]},"4":{"loc":{"start":{"line":64,"column":8},"end":{"line":64,"column":47}},"type":"default-arg","locations":[{"start":{"line":64,"column":45},"end":{"line":64,"column":47}}]},"5":{"loc":{"start":{"line":65,"column":8},"end":{"line":65,"column":35}},"type":"default-arg","locations":[{"start":{"line":65,"column":20},"end":{"line":65,"column":35}}]},"6":{"loc":{"start":{"line":94,"column":8},"end":{"line":97,"column":null}},"type":"if","locations":[{"start":{"line":94,"column":8},"end":{"line":97,"column":null}}]},"7":{"loc":{"start":{"line":96,"column":12},"end":{"line":96,"column":31}},"type":"if","locations":[{"start":{"line":96,"column":12},"end":{"line":96,"column":31}}]},"8":{"loc":{"start":{"line":99,"column":8},"end":{"line":102,"column":null}},"type":"if","locations":[{"start":{"line":99,"column":8},"end":{"line":102,"column":null}}]}},"s":{"0":1,"1":1,"2":1,"3":1,"4":1,"5":1,"6":1,"7":1,"8":1,"9":1,"10":1,"11":1,"12":0,"13":1,"14":1,"15":1,"16":1,"17":1,"18":1,"19":0,"20":0,"21":0,"22":0,"23":0,"24":3,"25":3,"26":3,"27":0,"28":0,"29":0,"30":1,"31":1,"32":1,"33":1,"34":0,"35":0,"36":0,"37":1,"38":1,"39":1,"40":4,"41":9,"42":0,"43":0,"44":1,"45":1,"46":1},"f":{"0":1,"1":1,"2":0,"3":3,"4":0,"5":0,"6":1,"7":1,"8":4,"9":9,"10":0,"11":0},"b":{"0":[1,1],"1":[0],"2":[0],"3":[0],"4":[0],"5":[3],"6":[0],"7":[0],"8":[0]}}
,"C:\\folderNodeJS\\Practicum\\sprint_x\\src\\utils\\Block.ts": {"path":"C:\\folderNodeJS\\Practicum\\sprint_x\\src\\utils\\Block.ts","statementMap":{"0":{"start":{"line":1,"column":0},"end":{"line":1,"column":34}},"1":{"start":{"line":2,"column":0},"end":{"line":2,"column":32}},"2":{"start":{"line":3,"column":0},"end":{"line":3,"column":34}},"3":{"start":{"line":4,"column":0},"end":{"line":4,"column":30}},"4":{"start":{"line":167,"column":11},"end":{"line":178,"column":null}},"5":{"start":{"line":168,"column":8},"end":{"line":170,"column":null}},"6":{"start":{"line":169,"column":12},"end":{"line":169,"column":19}},"7":{"start":{"line":172,"column":32},"end":{"line":172,"column":64}},"8":{"start":{"line":173,"column":8},"end":{"line":174,"column":41}},"9":{"start":{"line":174,"column":12},"end":{"line":174,"column":41}},"10":{"start":{"line":176,"column":8},"end":{"line":177,"column":41}},"11":{"start":{"line":177,"column":12},"end":{"line":177,"column":41}},"12":{"start":{"line":34,"column":32},"end":{"line":34,"column":67}},"13":{"start":{"line":35,"column":8},"end":{"line":35,"column":40}},"14":{"start":{"line":36,"column":8},"end":{"line":36,"column":30}},"15":{"start":{"line":37,"column":8},"end":{"line":37,"column":25}},"16":{"start":{"line":38,"column":8},"end":{"line":38,"column":49}},"17":{"start":{"line":41,"column":25},"end":{"line":41,"column":39}},"18":{"start":{"line":43,"column":8},"end":{"line":43,"column":39}},"19":{"start":{"line":43,"column":30},"end":{"line":43,"column":38}},"20":{"start":{"line":45,"column":8},"end":{"line":45,"column":39}},"21":{"start":{"line":48,"column":8},"end":{"line":48,"column":41}},"22":{"start":{"line":56,"column":27},"end":{"line":88,"column":12}},"23":{"start":{"line":59,"column":16},"end":{"line":61,"column":null}},"24":{"start":{"line":60,"column":20},"end":{"line":60,"column":51}},"25":{"start":{"line":62,"column":30},"end":{"line":62,"column":42}},"26":{"start":{"line":63,"column":16},"end":{"line":63,"column":80}},"27":{"start":{"line":67,"column":16},"end":{"line":77,"column":null}},"28":{"start":{"line":68,"column":20},"end":{"line":68,"column":51}},"29":{"start":{"line":69,"column":23},"end":{"line":77,"column":null}},"30":{"start":{"line":70,"column":20},"end":{"line":70,"column":32}},"31":{"start":{"line":72,"column":35},"end":{"line":72,"column":51}},"32":{"start":{"line":73,"column":20},"end":{"line":73,"column":41}},"33":{"start":{"line":74,"column":20},"end":{"line":74,"column":41}},"34":{"start":{"line":75,"column":20},"end":{"line":75,"column":83}},"35":{"start":{"line":76,"column":20},"end":{"line":76,"column":32}},"36":{"start":{"line":81,"column":16},"end":{"line":86,"column":null}},"37":{"start":{"line":82,"column":20},"end":{"line":82,"column":51}},"38":{"start":{"line":84,"column":20},"end":{"line":84,"column":40}},"39":{"start":{"line":85,"column":20},"end":{"line":85,"column":32}},"40":{"start":{"line":90,"column":8},"end":{"line":90,"column":26}},"41":{"start":{"line":94,"column":43},"end":{"line":94,"column":45}},"42":{"start":{"line":95,"column":44},"end":{"line":95,"column":46}},"43":{"start":{"line":96,"column":8},"end":{"line":102,"column":null}},"44":{"start":{"line":97,"column":12},"end":{"line":101,"column":null}},"45":{"start":{"line":98,"column":16},"end":{"line":98,"column":32}},"46":{"start":{"line":100,"column":16},"end":{"line":100,"column":33}},"47":{"start":{"line":104,"column":8},"end":{"line":104,"column":31}},"48":{"start":{"line":110,"column":8},"end":{"line":110,"column":62}},"49":{"start":{"line":111,"column":8},"end":{"line":111,"column":79}},"50":{"start":{"line":112,"column":8},"end":{"line":112,"column":80}},"51":{"start":{"line":113,"column":8},"end":{"line":113,"column":71}},"52":{"start":{"line":123,"column":8},"end":{"line":123,"column":27}},"53":{"start":{"line":124,"column":8},"end":{"line":124,"column":20}},"54":{"start":{"line":126,"column":8},"end":{"line":126,"column":55}},"55":{"start":{"line":130,"column":32},"end":{"line":130,"column":42}},"56":{"start":{"line":131,"column":12},"end":{"line":131,"column":65}},"57":{"start":{"line":135,"column":28},"end":{"line":135,"column":59}},"58":{"start":{"line":138,"column":12},"end":{"line":138,"column":27}},"59":{"start":{"line":144,"column":8},"end":{"line":144,"column":52}},"60":{"start":{"line":147,"column":8},"end":{"line":147,"column":33}},"61":{"start":{"line":155,"column":8},"end":{"line":160,"column":null}},"62":{"start":{"line":157,"column":12},"end":{"line":157,"column":59}},"63":{"start":{"line":164,"column":8},"end":{"line":164,"column":61}},"64":{"start":{"line":182,"column":22},"end":{"line":182,"column":35}},"65":{"start":{"line":185,"column":8},"end":{"line":185,"column":37}},"66":{"start":{"line":186,"column":8},"end":{"line":186,"column":36}},"67":{"start":{"line":187,"column":8},"end":{"line":187,"column":26}},"68":{"start":{"line":191,"column":8},"end":{"line":191,"column":38}},"69":{"start":{"line":195,"column":29},"end":{"line":195,"column":61}},"70":{"start":{"line":197,"column":8},"end":{"line":199,"column":11}},"71":{"start":{"line":198,"column":12},"end":{"line":198,"column":75}},"72":{"start":{"line":203,"column":21},"end":{"line":203,"column":46}},"73":{"start":{"line":205,"column":21},"end":{"line":205,"column":55}},"74":{"start":{"line":207,"column":8},"end":{"line":207,"column":30}},"75":{"start":{"line":209,"column":8},"end":{"line":215,"column":11}},"76":{"start":{"line":210,"column":25},"end":{"line":210,"column":82}},"77":{"start":{"line":212,"column":12},"end":{"line":212,"column":30}},"78":{"start":{"line":212,"column":23},"end":{"line":212,"column":30}},"79":{"start":{"line":214,"column":12},"end":{"line":214,"column":53}},"80":{"start":{"line":217,"column":8},"end":{"line":217,"column":28}},"81":{"start":{"line":221,"column":32},"end":{"line":221,"column":84}},"82":{"start":{"line":223,"column":8},"end":{"line":225,"column":11}},"83":{"start":{"line":224,"column":12},"end":{"line":224,"column":67}},"84":{"start":{"line":228,"column":32},"end":{"line":228,"column":84}},"85":{"start":{"line":230,"column":8},"end":{"line":232,"column":null}},"86":{"start":{"line":231,"column":12},"end":{"line":231,"column":70}},"87":{"start":{"line":237,"column":8},"end":{"line":237,"column":48}},"88":{"start":{"line":241,"column":8},"end":{"line":241,"column":45}},"89":{"start":{"line":244,"column":12},"end":{"line":244,"column":32}},"90":{"start":{"line":247,"column":12},"end":{"line":247,"column":33}},"91":{"start":{"line":8,"column":0},"end":{"line":8,"column":21}},"92":{"start":{"line":9,"column":11},"end":{"line":14,"column":null}}},"fnMap":{"0":{"name":"(anonymous_1)","decl":{"start":{"line":31,"column":4},"end":{"line":31,"column":17}},"loc":{"start":{"line":31,"column":58},"end":{"line":51,"column":5}}},"1":{"name":"(anonymous_2)","decl":{"start":{"line":167,"column":22},"end":{"line":167,"column":23}},"loc":{"start":{"line":167,"column":43},"end":{"line":178,"column":5}}},"2":{"name":"(anonymous_3)","decl":{"start":{"line":43,"column":24},"end":{"line":43,"column":27}},"loc":{"start":{"line":43,"column":30},"end":{"line":43,"column":38}}},"3":{"name":"(anonymous_4)","decl":{"start":{"line":55,"column":4},"end":{"line":55,"column":19}},"loc":{"start":{"line":55,"column":32},"end":{"line":91,"column":5}}},"4":{"name":"(anonymous_5)","decl":{"start":{"line":58,"column":12},"end":{"line":58,"column":15}},"loc":{"start":{"line":58,"column":43},"end":{"line":64,"column":13}}},"5":{"name":"(anonymous_6)","decl":{"start":{"line":66,"column":16},"end":{"line":66,"column":17}},"loc":{"start":{"line":66,"column":55},"end":{"line":78,"column":13}}},"6":{"name":"(anonymous_7)","decl":{"start":{"line":80,"column":12},"end":{"line":80,"column":26}},"loc":{"start":{"line":80,"column":54},"end":{"line":87,"column":13}}},"7":{"name":"(anonymous_8)","decl":{"start":{"line":93,"column":4},"end":{"line":93,"column":20}},"loc":{"start":{"line":93,"column":62},"end":{"line":105,"column":5}}},"8":{"name":"(anonymous_9)","decl":{"start":{"line":96,"column":45},"end":{"line":96,"column":46}},"loc":{"start":{"line":96,"column":60},"end":{"line":102,"column":9}}},"9":{"name":"(anonymous_10)","decl":{"start":{"line":108,"column":4},"end":{"line":108,"column":19}},"loc":{"start":{"line":108,"column":38},"end":{"line":114,"column":5}}},"10":{"name":"(anonymous_11)","decl":{"start":{"line":119,"column":14},"end":{"line":119,"column":18}},"loc":{"start":{"line":119,"column":18},"end":{"line":119,"column":23}}},"11":{"name":"(anonymous_12)","decl":{"start":{"line":120,"column":12},"end":{"line":120,"column":17}},"loc":{"start":{"line":120,"column":17},"end":{"line":128,"column":5}}},"12":{"name":"(anonymous_13)","decl":{"start":{"line":129,"column":8},"end":{"line":129,"column":19}},"loc":{"start":{"line":129,"column":19},"end":{"line":132,"column":9}}},"13":{"name":"(anonymous_14)","decl":{"start":{"line":133,"column":8},"end":{"line":133,"column":30}},"loc":{"start":{"line":133,"column":46},"end":{"line":139,"column":9}}},"14":{"name":"(anonymous_15)","decl":{"start":{"line":143,"column":11},"end":{"line":143,"column":36}},"loc":{"start":{"line":143,"column":36},"end":{"line":145,"column":5}}},"15":{"name":"(anonymous_16)","decl":{"start":{"line":146,"column":12},"end":{"line":146,"column":30}},"loc":{"start":{"line":146,"column":30},"end":{"line":148,"column":5}}},"16":{"name":"(anonymous_17)","decl":{"start":{"line":151,"column":14},"end":{"line":151,"column":31}},"loc":{"start":{"line":151,"column":31},"end":{"line":151,"column":36}}},"17":{"name":"(anonymous_18)","decl":{"start":{"line":154,"column":12},"end":{"line":154,"column":31}},"loc":{"start":{"line":154,"column":64},"end":{"line":161,"column":5}}},"18":{"name":"(anonymous_19)","decl":{"start":{"line":163,"column":14},"end":{"line":163,"column":32}},"loc":{"start":{"line":163,"column":65},"end":{"line":165,"column":5}}},"19":{"name":"(anonymous_20)","decl":{"start":{"line":180,"column":12},"end":{"line":180,"column":19}},"loc":{"start":{"line":180,"column":19},"end":{"line":188,"column":5}}},"20":{"name":"(anonymous_21)","decl":{"start":{"line":190,"column":14},"end":{"line":190,"column":20}},"loc":{"start":{"line":190,"column":20},"end":{"line":192,"column":5}}},"21":{"name":"(anonymous_22)","decl":{"start":{"line":194,"column":14},"end":{"line":194,"column":21}},"loc":{"start":{"line":194,"column":79},"end":{"line":218,"column":5}}},"22":{"name":"(anonymous_23)","decl":{"start":{"line":197,"column":42},"end":{"line":197,"column":43}},"loc":{"start":{"line":197,"column":63},"end":{"line":199,"column":9}}},"23":{"name":"(anonymous_24)","decl":{"start":{"line":209,"column":42},"end":{"line":209,"column":43}},"loc":{"start":{"line":209,"column":60},"end":{"line":215,"column":9}}},"24":{"name":"(anonymous_25)","decl":{"start":{"line":220,"column":4},"end":{"line":220,"column":14}},"loc":{"start":{"line":220,"column":14},"end":{"line":226,"column":5}}},"25":{"name":"(anonymous_26)","decl":{"start":{"line":223,"column":38},"end":{"line":223,"column":43}},"loc":{"start":{"line":223,"column":46},"end":{"line":225,"column":9}}},"26":{"name":"(anonymous_27)","decl":{"start":{"line":227,"column":4},"end":{"line":227,"column":17}},"loc":{"start":{"line":227,"column":17},"end":{"line":233,"column":5}}},"27":{"name":"(anonymous_28)","decl":{"start":{"line":230,"column":38},"end":{"line":230,"column":43}},"loc":{"start":{"line":230,"column":46},"end":{"line":232,"column":9}}},"28":{"name":"(anonymous_29)","decl":{"start":{"line":235,"column":4},"end":{"line":235,"column":8}},"loc":{"start":{"line":235,"column":8},"end":{"line":238,"column":5}}},"29":{"name":"(anonymous_30)","decl":{"start":{"line":240,"column":4},"end":{"line":240,"column":8}},"loc":{"start":{"line":240,"column":8},"end":{"line":242,"column":5}}},"30":{"name":"(anonymous_31)","decl":{"start":{"line":243,"column":8},"end":{"line":243,"column":18}},"loc":{"start":{"line":243,"column":18},"end":{"line":245,"column":9}}},"31":{"name":"(anonymous_32)","decl":{"start":{"line":246,"column":8},"end":{"line":246,"column":12}},"loc":{"start":{"line":246,"column":19},"end":{"line":248,"column":9}}}},"branchMap":{"0":{"loc":{"start":{"line":31,"column":17},"end":{"line":31,"column":32}},"type":"default-arg","locations":[{"start":{"line":31,"column":27},"end":{"line":31,"column":32}}]},"1":{"loc":{"start":{"line":31,"column":34},"end":{"line":31,"column":58}},"type":"default-arg","locations":[{"start":{"line":31,"column":56},"end":{"line":31,"column":58}}]},"2":{"loc":{"start":{"line":168,"column":8},"end":{"line":170,"column":null}},"type":"if","locations":[{"start":{"line":168,"column":8},"end":{"line":170,"column":null}}]},"3":{"loc":{"start":{"line":173,"column":8},"end":{"line":174,"column":41}},"type":"if","locations":[{"start":{"line":173,"column":8},"end":{"line":174,"column":41}}]},"4":{"loc":{"start":{"line":176,"column":8},"end":{"line":177,"column":41}},"type":"if","locations":[{"start":{"line":176,"column":8},"end":{"line":177,"column":41}}]},"5":{"loc":{"start":{"line":59,"column":16},"end":{"line":61,"column":null}},"type":"if","locations":[{"start":{"line":59,"column":16},"end":{"line":61,"column":null}}]},"6":{"loc":{"start":{"line":63,"column":23},"end":{"line":63,"column":79}},"type":"cond-expr","locations":[{"start":{"line":63,"column":53},"end":{"line":63,"column":71}},{"start":{"line":63,"column":74},"end":{"line":63,"column":79}}]},"7":{"loc":{"start":{"line":67,"column":16},"end":{"line":77,"column":null}},"type":"if","locations":[{"start":{"line":67,"column":16},"end":{"line":77,"column":null}},{"start":{"line":69,"column":23},"end":{"line":77,"column":null}}]},"8":{"loc":{"start":{"line":69,"column":23},"end":{"line":77,"column":null}},"type":"if","locations":[{"start":{"line":69,"column":23},"end":{"line":77,"column":null}},{"start":{"line":71,"column":23},"end":{"line":77,"column":null}}]},"9":{"loc":{"start":{"line":81,"column":16},"end":{"line":86,"column":null}},"type":"if","locations":[{"start":{"line":81,"column":16},"end":{"line":86,"column":null}},{"start":{"line":83,"column":23},"end":{"line":86,"column":null}}]},"10":{"loc":{"start":{"line":97,"column":12},"end":{"line":101,"column":null}},"type":"if","locations":[{"start":{"line":97,"column":12},"end":{"line":101,"column":null}},{"start":{"line":99,"column":19},"end":{"line":101,"column":null}}]},"11":{"loc":{"start":{"line":155,"column":8},"end":{"line":160,"column":null}},"type":"if","locations":[{"start":{"line":155,"column":8},"end":{"line":160,"column":null}},{"start":{"line":158,"column":15},"end":{"line":160,"column":null}}]},"12":{"loc":{"start":{"line":164,"column":15},"end":{"line":164,"column":60}},"type":"cond-expr","locations":[{"start":{"line":164,"column":48},"end":{"line":164,"column":52}},{"start":{"line":164,"column":55},"end":{"line":164,"column":60}}]},"13":{"loc":{"start":{"line":194,"column":60},"end":{"line":194,"column":79}},"type":"default-arg","locations":[{"start":{"line":194,"column":77},"end":{"line":194,"column":79}}]},"14":{"loc":{"start":{"line":212,"column":12},"end":{"line":212,"column":30}},"type":"if","locations":[{"start":{"line":212,"column":12},"end":{"line":212,"column":30}}]},"15":{"loc":{"start":{"line":221,"column":16},"end":{"line":221,"column":27}},"type":"default-arg","locations":[{"start":{"line":221,"column":25},"end":{"line":221,"column":27}}]},"16":{"loc":{"start":{"line":228,"column":16},"end":{"line":228,"column":27}},"type":"default-arg","locations":[{"start":{"line":228,"column":25},"end":{"line":228,"column":27}}]}},"s":{"0":2,"1":2,"2":2,"3":2,"4":3,"5":0,"6":0,"7":0,"8":0,"9":0,"10":0,"11":0,"12":3,"13":3,"14":3,"15":3,"16":3,"17":3,"18":3,"19":5,"20":3,"21":3,"22":4,"23":8,"24":1,"25":7,"26":7,"27":0,"28":0,"29":0,"30":0,"31":0,"32":0,"33":0,"34":0,"35":0,"36":0,"37":0,"38":0,"39":0,"40":4,"41":3,"42":3,"43":3,"44":0,"45":0,"46":0,"47":3,"48":3,"49":3,"50":3,"51":3,"52":3,"53":3,"54":3,"55":3,"56":3,"57":3,"58":3,"59":0,"60":0,"61":0,"62":0,"63":0,"64":3,"65":3,"66":3,"67":3,"68":3,"69":0,"70":0,"71":0,"72":0,"73":0,"74":0,"75":0,"76":0,"77":0,"78":0,"79":0,"80":0,"81":3,"82":3,"83":0,"84":0,"85":0,"86":0,"87":0,"88":0,"89":2,"90":2,"91":2,"92":2},"f":{"0":3,"1":0,"2":5,"3":4,"4":8,"5":0,"6":0,"7":3,"8":0,"9":3,"10":3,"11":3,"12":3,"13":3,"14":0,"15":0,"16":0,"17":0,"18":0,"19":3,"20":3,"21":0,"22":0,"23":0,"24":3,"25":0,"26":0,"27":0,"28":0,"29":0,"30":2,"31":2},"b":{"0":[2],"1":[3],"2":[0],"3":[0],"4":[0],"5":[1],"6":[0,7],"7":[0,0],"8":[0,0],"9":[0,0],"10":[0,0],"11":[0,0],"12":[0,0],"13":[0],"14":[0],"15":[3],"16":[0]}}
,"C:\\folderNodeJS\\Practicum\\sprint_x\\src\\utils\\EventBus.ts": {"path":"C:\\folderNodeJS\\Practicum\\sprint_x\\src\\utils\\EventBus.ts","statementMap":{"0":{"start":{"line":4,"column":21},"end":{"line":4,"column":61}},"1":{"start":{"line":7,"column":8},"end":{"line":9,"column":null}},"2":{"start":{"line":8,"column":12},"end":{"line":8,"column":39}},"3":{"start":{"line":12,"column":8},"end":{"line":12,"column":42}},"4":{"start":{"line":16,"column":8},"end":{"line":18,"column":null}},"5":{"start":{"line":17,"column":12},"end":{"line":17,"column":53}},"6":{"start":{"line":20,"column":8},"end":{"line":22,"column":10}},"7":{"start":{"line":21,"column":24},"end":{"line":21,"column":42}},"8":{"start":{"line":27,"column":8},"end":{"line":29,"column":null}},"9":{"start":{"line":28,"column":12},"end":{"line":28,"column":53}},"10":{"start":{"line":31,"column":8},"end":{"line":33,"column":11}},"11":{"start":{"line":32,"column":12},"end":{"line":32,"column":30}},"12":{"start":{"line":3,"column":0},"end":{"line":3,"column":21}},"13":{"start":{"line":37,"column":23},"end":{"line":37,"column":37}},"14":{"start":{"line":38,"column":9},"end":{"line":38,"column":23}}},"fnMap":{"0":{"name":"(anonymous_0)","decl":{"start":{"line":3,"column":0},"end":{"line":3,"column":21}},"loc":{"start":{"line":3,"column":0},"end":{"line":35,"column":1}}},"1":{"name":"(anonymous_1)","decl":{"start":{"line":6,"column":4},"end":{"line":6,"column":6}},"loc":{"start":{"line":6,"column":34},"end":{"line":13,"column":5}}},"2":{"name":"(anonymous_2)","decl":{"start":{"line":15,"column":4},"end":{"line":15,"column":7}},"loc":{"start":{"line":15,"column":35},"end":{"line":24,"column":5}}},"3":{"name":"(anonymous_3)","decl":{"start":{"line":21,"column":12},"end":{"line":21,"column":20}},"loc":{"start":{"line":21,"column":24},"end":{"line":21,"column":42}}},"4":{"name":"(anonymous_4)","decl":{"start":{"line":26,"column":4},"end":{"line":26,"column":8}},"loc":{"start":{"line":26,"column":38},"end":{"line":34,"column":5}}},"5":{"name":"(anonymous_5)","decl":{"start":{"line":31,"column":38},"end":{"line":31,"column":46}},"loc":{"start":{"line":31,"column":49},"end":{"line":33,"column":9}}}},"branchMap":{"0":{"loc":{"start":{"line":7,"column":8},"end":{"line":9,"column":null}},"type":"if","locations":[{"start":{"line":7,"column":8},"end":{"line":9,"column":null}}]},"1":{"loc":{"start":{"line":16,"column":8},"end":{"line":18,"column":null}},"type":"if","locations":[{"start":{"line":16,"column":8},"end":{"line":18,"column":null}}]},"2":{"loc":{"start":{"line":27,"column":8},"end":{"line":29,"column":null}},"type":"if","locations":[{"start":{"line":27,"column":8},"end":{"line":29,"column":null}}]}},"s":{"0":5,"1":12,"2":12,"3":12,"4":0,"5":0,"6":0,"7":0,"8":6,"9":0,"10":6,"11":6,"12":2,"13":2,"14":2},"f":{"0":5,"1":12,"2":0,"3":0,"4":6,"5":6},"b":{"0":[12],"1":[0],"2":[0]}}
,"C:\\folderNodeJS\\Practicum\\sprint_x\\src\\utils\\HTTPTransport.ts": {"path":"C:\\folderNodeJS\\Practicum\\sprint_x\\src\\utils\\HTTPTransport.ts","statementMap":{"0":{"start":{"line":1,"column":0},"end":{"line":1,"column":null}},"1":{"start":{"line":2,"column":4},"end":{"line":2,"column":null}},"2":{"start":{"line":3,"column":4},"end":{"line":3,"column":null}},"3":{"start":{"line":4,"column":4},"end":{"line":4,"column":null}},"4":{"start":{"line":5,"column":4},"end":{"line":5,"column":null}},"5":{"start":{"line":6,"column":4},"end":{"line":6,"column":null}},"6":{"start":{"line":16,"column":1},"end":{"line":18,"column":19}},"7":{"start":{"line":17,"column":20},"end":{"line":17,"column":41}},"8":{"start":{"line":15,"column":0},"end":{"line":15,"column":16}},"9":{"start":{"line":25,"column":8},"end":{"line":25,"column":28}},"10":{"start":{"line":29,"column":22},"end":{"line":29,"column":60}},"11":{"start":{"line":30,"column":8},"end":{"line":30,"column":69}},"12":{"start":{"line":34,"column":8},"end":{"line":37,"column":11}},"13":{"start":{"line":41,"column":8},"end":{"line":45,"column":11}},"14":{"start":{"line":49,"column":8},"end":{"line":52,"column":11}},"15":{"start":{"line":56,"column":8},"end":{"line":59,"column":11}},"16":{"start":{"line":63,"column":48},"end":{"line":63,"column":55}},"17":{"start":{"line":65,"column":8},"end":{"line":101,"column":null}},"18":{"start":{"line":66,"column":24},"end":{"line":66,"column":44}},"19":{"start":{"line":67,"column":12},"end":{"line":67,"column":34}},"20":{"start":{"line":69,"column":12},"end":{"line":78,"column":14}},"21":{"start":{"line":70,"column":16},"end":{"line":77,"column":null}},"22":{"start":{"line":71,"column":20},"end":{"line":76,"column":null}},"23":{"start":{"line":72,"column":24},"end":{"line":72,"column":46}},"24":{"start":{"line":75,"column":24},"end":{"line":75,"column":45}},"25":{"start":{"line":80,"column":12},"end":{"line":80,"column":60}},"26":{"start":{"line":80,"column":32},"end":{"line":80,"column":59}},"27":{"start":{"line":81,"column":12},"end":{"line":81,"column":68}},"28":{"start":{"line":81,"column":32},"end":{"line":81,"column":67}},"29":{"start":{"line":82,"column":12},"end":{"line":82,"column":31}},"30":{"start":{"line":83,"column":12},"end":{"line":83,"column":64}},"31":{"start":{"line":83,"column":34},"end":{"line":83,"column":63}},"32":{"start":{"line":85,"column":12},"end":{"line":89,"column":null}},"33":{"start":{"line":86,"column":16},"end":{"line":86,"column":53}},"34":{"start":{"line":88,"column":16},"end":{"line":88,"column":73}},"35":{"start":{"line":91,"column":12},"end":{"line":91,"column":39}},"36":{"start":{"line":92,"column":12},"end":{"line":92,"column":38}},"37":{"start":{"line":94,"column":12},"end":{"line":100,"column":null}},"38":{"start":{"line":95,"column":16},"end":{"line":95,"column":27}},"39":{"start":{"line":96,"column":19},"end":{"line":100,"column":null}},"40":{"start":{"line":97,"column":16},"end":{"line":97,"column":31}},"41":{"start":{"line":99,"column":16},"end":{"line":99,"column":47}},"42":{"start":{"line":21,"column":0},"end":{"line":21,"column":21}}},"fnMap":{"0":{"name":"(anonymous_0)","decl":{"start":{"line":1,"column":0},"end":{"line":1,"column":12}},"loc":{"start":{"line":1,"column":19},"end":{"line":7,"column":1}}},"1":{"name":"queryStringify","decl":{"start":{"line":15,"column":16},"end":{"line":15,"column":30}},"loc":{"start":{"line":15,"column":63},"end":{"line":19,"column":1}}},"2":{"name":"(anonymous_2)","decl":{"start":{"line":17,"column":13},"end":{"line":17,"column":16}},"loc":{"start":{"line":17,"column":20},"end":{"line":17,"column":41}}},"3":{"name":"(anonymous_3)","decl":{"start":{"line":24,"column":4},"end":{"line":24,"column":16}},"loc":{"start":{"line":24,"column":27},"end":{"line":26,"column":5}}},"4":{"name":"(anonymous_4)","decl":{"start":{"line":28,"column":11},"end":{"line":28,"column":14}},"loc":{"start":{"line":28,"column":48},"end":{"line":31,"column":5}}},"5":{"name":"(anonymous_5)","decl":{"start":{"line":33,"column":11},"end":{"line":33,"column":15}},"loc":{"start":{"line":33,"column":62},"end":{"line":38,"column":5}}},"6":{"name":"(anonymous_6)","decl":{"start":{"line":40,"column":11},"end":{"line":40,"column":14}},"loc":{"start":{"line":40,"column":84},"end":{"line":46,"column":5}}},"7":{"name":"(anonymous_7)","decl":{"start":{"line":48,"column":11},"end":{"line":48,"column":16}},"loc":{"start":{"line":48,"column":55},"end":{"line":53,"column":5}}},"8":{"name":"(anonymous_8)","decl":{"start":{"line":55,"column":11},"end":{"line":55,"column":17}},"loc":{"start":{"line":55,"column":57},"end":{"line":60,"column":5}}},"9":{"name":"(anonymous_9)","decl":{"start":{"line":62,"column":12},"end":{"line":62,"column":19}},"loc":{"start":{"line":62,"column":85},"end":{"line":102,"column":5}}},"10":{"name":"(anonymous_10)","decl":{"start":{"line":65,"column":27},"end":{"line":65,"column":28}},"loc":{"start":{"line":65,"column":47},"end":{"line":101,"column":9}}},"11":{"name":"(anonymous_11)","decl":{"start":{"line":69,"column":37},"end":{"line":69,"column":40}},"loc":{"start":{"line":69,"column":42},"end":{"line":78,"column":13}}},"12":{"name":"(anonymous_12)","decl":{"start":{"line":80,"column":26},"end":{"line":80,"column":29}},"loc":{"start":{"line":80,"column":32},"end":{"line":80,"column":59}}},"13":{"name":"(anonymous_13)","decl":{"start":{"line":81,"column":26},"end":{"line":81,"column":29}},"loc":{"start":{"line":81,"column":32},"end":{"line":81,"column":67}}},"14":{"name":"(anonymous_14)","decl":{"start":{"line":83,"column":28},"end":{"line":83,"column":31}},"loc":{"start":{"line":83,"column":34},"end":{"line":83,"column":63}}}},"branchMap":{"0":{"loc":{"start":{"line":1,"column":12},"end":{"line":1,"column":null}},"type":"binary-expr","locations":[{"start":{"line":1,"column":12},"end":{"line":1,"column":19}},{"start":{"line":1,"column":12},"end":{"line":1,"column":null}}]},"1":{"loc":{"start":{"line":28,"column":28},"end":{"line":28,"column":38}},"type":"default-arg","locations":[{"start":{"line":28,"column":35},"end":{"line":28,"column":38}}]},"2":{"loc":{"start":{"line":29,"column":22},"end":{"line":29,"column":60}},"type":"cond-expr","locations":[{"start":{"line":29,"column":29},"end":{"line":29,"column":55}},{"start":{"line":29,"column":58},"end":{"line":29,"column":60}}]},"3":{"loc":{"start":{"line":62,"column":43},"end":{"line":62,"column":85}},"type":"default-arg","locations":[{"start":{"line":62,"column":62},"end":{"line":62,"column":85}}]},"4":{"loc":{"start":{"line":70,"column":16},"end":{"line":77,"column":null}},"type":"if","locations":[{"start":{"line":70,"column":16},"end":{"line":77,"column":null}}]},"5":{"loc":{"start":{"line":71,"column":20},"end":{"line":76,"column":null}},"type":"if","locations":[{"start":{"line":71,"column":20},"end":{"line":76,"column":null}},{"start":{"line":74,"column":27},"end":{"line":76,"column":null}}]},"6":{"loc":{"start":{"line":85,"column":12},"end":{"line":89,"column":null}},"type":"if","locations":[{"start":{"line":85,"column":12},"end":{"line":89,"column":null}},{"start":{"line":87,"column":19},"end":{"line":89,"column":null}}]},"7":{"loc":{"start":{"line":94,"column":12},"end":{"line":100,"column":null}},"type":"if","locations":[{"start":{"line":94,"column":12},"end":{"line":100,"column":null}},{"start":{"line":96,"column":19},"end":{"line":100,"column":null}}]},"8":{"loc":{"start":{"line":94,"column":16},"end":{"line":94,"column":47}},"type":"binary-expr","locations":[{"start":{"line":94,"column":16},"end":{"line":94,"column":38}},{"start":{"line":94,"column":42},"end":{"line":94,"column":47}}]},"9":{"loc":{"start":{"line":96,"column":19},"end":{"line":100,"column":null}},"type":"if","locations":[{"start":{"line":96,"column":19},"end":{"line":100,"column":null}},{"start":{"line":98,"column":19},"end":{"line":100,"column":null}}]}},"s":{"0":1,"1":1,"2":1,"3":1,"4":1,"5":1,"6":2,"7":8,"8":1,"9":1,"10":2,"11":2,"12":2,"13":1,"14":1,"15":2,"16":8,"17":8,"18":8,"19":8,"20":8,"21":0,"22":0,"23":0,"24":0,"25":8,"26":0,"27":8,"28":0,"29":8,"30":8,"31":0,"32":8,"33":0,"34":8,"35":8,"36":8,"37":8,"38":4,"39":4,"40":0,"41":4,"42":1},"f":{"0":1,"1":2,"2":8,"3":1,"4":2,"5":2,"6":1,"7":1,"8":2,"9":8,"10":8,"11":0,"12":0,"13":0,"14":0},"b":{"0":[1,1],"1":[0],"2":[1,1],"3":[2],"4":[0],"5":[0,0],"6":[0,8],"7":[4,4],"8":[8,6],"9":[0,4]}}
,"C:\\folderNodeJS\\Practicum\\sprint_x\\src\\utils\\isEqual.ts": {"path":"C:\\folderNodeJS\\Practicum\\sprint_x\\src\\utils\\isEqual.ts","statementMap":{"0":{"start":{"line":6,"column":8},"end":{"line":8,"column":null}},"1":{"start":{"line":7,"column":12},"end":{"line":7,"column":27}},"2":{"start":{"line":10,"column":23},"end":{"line":10,"column":52}},"3":{"start":{"line":11,"column":23},"end":{"line":11,"column":52}},"4":{"start":{"line":13,"column":8},"end":{"line":15,"column":null}},"5":{"start":{"line":14,"column":12},"end":{"line":14,"column":25}},"6":{"start":{"line":17,"column":8},"end":{"line":30,"column":null}},"7":{"start":{"line":17,"column":21},"end":{"line":17,"column":22}},"8":{"start":{"line":18,"column":34},"end":{"line":18,"column":43}},"9":{"start":{"line":20,"column":27},"end":{"line":20,"column":38}},"10":{"start":{"line":21,"column":27},"end":{"line":21,"column":38}},"11":{"start":{"line":23,"column":12},"end":{"line":29,"column":null}},"12":{"start":{"line":24,"column":16},"end":{"line":26,"column":null}},"13":{"start":{"line":25,"column":20},"end":{"line":25,"column":33}},"14":{"start":{"line":27,"column":19},"end":{"line":29,"column":null}},"15":{"start":{"line":28,"column":16},"end":{"line":28,"column":29}},"16":{"start":{"line":32,"column":8},"end":{"line":32,"column":20}},"17":{"start":{"line":36,"column":0},"end":{"line":36,"column":23}},"18":{"start":{"line":39,"column":4},"end":{"line":41,"column":null}},"19":{"start":{"line":40,"column":8},"end":{"line":40,"column":23}},"20":{"start":{"line":43,"column":18},"end":{"line":43,"column":51}},"21":{"start":{"line":44,"column":18},"end":{"line":44,"column":51}},"22":{"start":{"line":46,"column":4},"end":{"line":48,"column":null}},"23":{"start":{"line":47,"column":8},"end":{"line":47,"column":21}},"24":{"start":{"line":50,"column":4},"end":{"line":62,"column":null}},"25":{"start":{"line":51,"column":8},"end":{"line":53,"column":null}},"26":{"start":{"line":52,"column":12},"end":{"line":52,"column":25}},"27":{"start":{"line":55,"column":8},"end":{"line":59,"column":null}},"28":{"start":{"line":55,"column":21},"end":{"line":55,"column":22}},"29":{"start":{"line":56,"column":12},"end":{"line":58,"column":null}},"30":{"start":{"line":57,"column":16},"end":{"line":57,"column":29}},"31":{"start":{"line":61,"column":8},"end":{"line":61,"column":20}},"32":{"start":{"line":64,"column":19},"end":{"line":64,"column":48}},"33":{"start":{"line":65,"column":19},"end":{"line":65,"column":48}},"34":{"start":{"line":67,"column":4},"end":{"line":69,"column":null}},"35":{"start":{"line":68,"column":8},"end":{"line":68,"column":21}},"36":{"start":{"line":71,"column":4},"end":{"line":84,"column":null}},"37":{"start":{"line":71,"column":17},"end":{"line":71,"column":18}},"38":{"start":{"line":72,"column":30},"end":{"line":72,"column":39}},"39":{"start":{"line":74,"column":23},"end":{"line":74,"column":34}},"40":{"start":{"line":75,"column":23},"end":{"line":75,"column":34}},"41":{"start":{"line":77,"column":8},"end":{"line":83,"column":null}},"42":{"start":{"line":78,"column":12},"end":{"line":80,"column":null}},"43":{"start":{"line":79,"column":16},"end":{"line":79,"column":29}},"44":{"start":{"line":81,"column":15},"end":{"line":83,"column":null}},"45":{"start":{"line":82,"column":12},"end":{"line":82,"column":25}},"46":{"start":{"line":86,"column":4},"end":{"line":86,"column":16}},"47":{"start":{"line":38,"column":0},"end":{"line":38,"column":16}}},"fnMap":{"0":{"name":"isEqual","decl":{"start":{"line":5,"column":9},"end":{"line":5,"column":16}},"loc":{"start":{"line":5,"column":39},"end":{"line":34,"column":1}}},"1":{"name":"isEqualObjAndArr","decl":{"start":{"line":38,"column":16},"end":{"line":38,"column":32}},"loc":{"start":{"line":38,"column":55},"end":{"line":87,"column":1}}}},"branchMap":{"0":{"loc":{"start":{"line":6,"column":8},"end":{"line":8,"column":null}},"type":"if","locations":[{"start":{"line":6,"column":8},"end":{"line":8,"column":null}}]},"1":{"loc":{"start":{"line":6,"column":12},"end":{"line":6,"column":34}},"type":"binary-expr","locations":[{"start":{"line":6,"column":12},"end":{"line":6,"column":21}},{"start":{"line":6,"column":25},"end":{"line":6,"column":34}}]},"2":{"loc":{"start":{"line":13,"column":8},"end":{"line":15,"column":null}},"type":"if","locations":[{"start":{"line":13,"column":8},"end":{"line":15,"column":null}}]},"3":{"loc":{"start":{"line":23,"column":12},"end":{"line":29,"column":null}},"type":"if","locations":[{"start":{"line":23,"column":12},"end":{"line":29,"column":null}},{"start":{"line":27,"column":19},"end":{"line":29,"column":null}}]},"4":{"loc":{"start":{"line":23,"column":16},"end":{"line":23,"column":72}},"type":"binary-expr","locations":[{"start":{"line":23,"column":16},"end":{"line":23,"column":42}},{"start":{"line":23,"column":46},"end":{"line":23,"column":72}}]},"5":{"loc":{"start":{"line":24,"column":16},"end":{"line":26,"column":null}},"type":"if","locations":[{"start":{"line":24,"column":16},"end":{"line":26,"column":null}}]},"6":{"loc":{"start":{"line":27,"column":19},"end":{"line":29,"column":null}},"type":"if","locations":[{"start":{"line":27,"column":19},"end":{"line":29,"column":null}}]},"7":{"loc":{"start":{"line":39,"column":4},"end":{"line":41,"column":null}},"type":"if","locations":[{"start":{"line":39,"column":4},"end":{"line":41,"column":null}}]},"8":{"loc":{"start":{"line":39,"column":8},"end":{"line":39,"column":30}},"type":"binary-expr","locations":[{"start":{"line":39,"column":8},"end":{"line":39,"column":17}},{"start":{"line":39,"column":21},"end":{"line":39,"column":30}}]},"9":{"loc":{"start":{"line":46,"column":4},"end":{"line":48,"column":null}},"type":"if","locations":[{"start":{"line":46,"column":4},"end":{"line":48,"column":null}}]},"10":{"loc":{"start":{"line":50,"column":4},"end":{"line":62,"column":null}},"type":"if","locations":[{"start":{"line":50,"column":4},"end":{"line":62,"column":null}}]},"11":{"loc":{"start":{"line":51,"column":8},"end":{"line":53,"column":null}},"type":"if","locations":[{"start":{"line":51,"column":8},"end":{"line":53,"column":null}}]},"12":{"loc":{"start":{"line":56,"column":12},"end":{"line":58,"column":null}},"type":"if","locations":[{"start":{"line":56,"column":12},"end":{"line":58,"column":null}}]},"13":{"loc":{"start":{"line":67,"column":4},"end":{"line":69,"column":null}},"type":"if","locations":[{"start":{"line":67,"column":4},"end":{"line":69,"column":null}}]},"14":{"loc":{"start":{"line":77,"column":8},"end":{"line":83,"column":null}},"type":"if","locations":[{"start":{"line":77,"column":8},"end":{"line":83,"column":null}},{"start":{"line":81,"column":15},"end":{"line":83,"column":null}}]},"15":{"loc":{"start":{"line":77,"column":12},"end":{"line":77,"column":68}},"type":"binary-expr","locations":[{"start":{"line":77,"column":12},"end":{"line":77,"column":38}},{"start":{"line":77,"column":42},"end":{"line":77,"column":68}}]},"16":{"loc":{"start":{"line":78,"column":12},"end":{"line":80,"column":null}},"type":"if","locations":[{"start":{"line":78,"column":12},"end":{"line":80,"column":null}}]},"17":{"loc":{"start":{"line":81,"column":15},"end":{"line":83,"column":null}},"type":"if","locations":[{"start":{"line":81,"column":15},"end":{"line":83,"column":null}}]}},"s":{"0":0,"1":0,"2":0,"3":0,"4":0,"5":0,"6":0,"7":0,"8":0,"9":0,"10":0,"11":0,"12":0,"13":0,"14":0,"15":0,"16":0,"17":2,"18":0,"19":0,"20":0,"21":0,"22":0,"23":0,"24":0,"25":0,"26":0,"27":0,"28":0,"29":0,"30":0,"31":0,"32":0,"33":0,"34":0,"35":0,"36":0,"37":0,"38":0,"39":0,"40":0,"41":0,"42":0,"43":0,"44":0,"45":0,"46":0,"47":2},"f":{"0":0,"1":0},"b":{"0":[0],"1":[0,0],"2":[0],"3":[0,0],"4":[0,0],"5":[0],"6":[0],"7":[0],"8":[0,0],"9":[0],"10":[0],"11":[0],"12":[0],"13":[0],"14":[0,0],"15":[0,0],"16":[0],"17":[0]}}
,"C:\\folderNodeJS\\Practicum\\sprint_x\\src\\utils\\randomID.ts": {"path":"C:\\folderNodeJS\\Practicum\\sprint_x\\src\\utils\\randomID.ts","statementMap":{"0":{"start":{"line":7,"column":18},"end":{"line":7,"column":99}},"1":{"start":{"line":8,"column":14},"end":{"line":8,"column":16}},"2":{"start":{"line":9,"column":4},"end":{"line":11,"column":null}},"3":{"start":{"line":9,"column":17},"end":{"line":9,"column":18}},"4":{"start":{"line":10,"column":8},"end":{"line":10,"column":70}},"5":{"start":{"line":12,"column":4},"end":{"line":12,"column":15}},"6":{"start":{"line":15,"column":0},"end":{"line":15,"column":24}}},"fnMap":{"0":{"name":"randomID","decl":{"start":{"line":6,"column":9},"end":{"line":6,"column":17}},"loc":{"start":{"line":6,"column":72},"end":{"line":13,"column":1}}}},"branchMap":{"0":{"loc":{"start":{"line":6,"column":39},"end":{"line":6,"column":72}},"type":"default-arg","locations":[{"start":{"line":6,"column":68},"end":{"line":6,"column":72}}]},"1":{"loc":{"start":{"line":7,"column":18},"end":{"line":7,"column":99}},"type":"binary-expr","locations":[{"start":{"line":7,"column":18},"end":{"line":7,"column":29}},{"start":{"line":7,"column":33},"end":{"line":7,"column":99}}]}},"s":{"0":3,"1":3,"2":3,"3":3,"4":18,"5":3,"6":2},"f":{"0":3},"b":{"0":[3],"1":[3,3]}}
,"C:\\folderNodeJS\\Practicum\\sprint_x\\src\\utils\\set.ts": {"path":"C:\\folderNodeJS\\Practicum\\sprint_x\\src\\utils\\set.ts","statementMap":{"0":{"start":{"line":6,"column":4},"end":{"line":8,"column":null}},"1":{"start":{"line":7,"column":6},"end":{"line":7,"column":29}},"2":{"start":{"line":10,"column":4},"end":{"line":30,"column":null}},"3":{"start":{"line":11,"column":6},"end":{"line":11,"column":66}},"4":{"start":{"line":11,"column":57},"end":{"line":11,"column":66}},"5":{"start":{"line":13,"column":6},"end":{"line":29,"column":null}},"6":{"start":{"line":14,"column":8},"end":{"line":26,"column":null}},"7":{"start":{"line":15,"column":10},"end":{"line":17,"column":null}},"8":{"start":{"line":16,"column":12},"end":{"line":16,"column":35}},"9":{"start":{"line":18,"column":10},"end":{"line":18,"column":63}},"10":{"start":{"line":19,"column":15},"end":{"line":26,"column":null}},"11":{"start":{"line":20,"column":10},"end":{"line":22,"column":null}},"12":{"start":{"line":21,"column":12},"end":{"line":21,"column":24}},"13":{"start":{"line":23,"column":10},"end":{"line":23,"column":41}},"14":{"start":{"line":25,"column":10},"end":{"line":25,"column":26}},"15":{"start":{"line":28,"column":8},"end":{"line":28,"column":24}},"16":{"start":{"line":32,"column":4},"end":{"line":32,"column":15}},"17":{"start":{"line":5,"column":0},"end":{"line":5,"column":16}},"18":{"start":{"line":36,"column":4},"end":{"line":48,"column":null}},"19":{"start":{"line":37,"column":8},"end":{"line":37,"column":68}},"20":{"start":{"line":37,"column":59},"end":{"line":37,"column":68}},"21":{"start":{"line":39,"column":8},"end":{"line":47,"column":null}},"22":{"start":{"line":40,"column":12},"end":{"line":44,"column":null}},"23":{"start":{"line":41,"column":16},"end":{"line":41,"column":69}},"24":{"start":{"line":43,"column":16},"end":{"line":43,"column":32}},"25":{"start":{"line":46,"column":12},"end":{"line":46,"column":28}},"26":{"start":{"line":50,"column":4},"end":{"line":50,"column":15}},"27":{"start":{"line":35,"column":0},"end":{"line":35,"column":16}},"28":{"start":{"line":57,"column":4},"end":{"line":59,"column":null}},"29":{"start":{"line":58,"column":8},"end":{"line":58,"column":19}},"30":{"start":{"line":61,"column":4},"end":{"line":63,"column":null}},"31":{"start":{"line":62,"column":8},"end":{"line":62,"column":49}},"32":{"start":{"line":65,"column":19},"end":{"line":67,"column":21}},"33":{"start":{"line":65,"column":70},"end":{"line":67,"column":6}},"34":{"start":{"line":69,"column":4},"end":{"line":69,"column":30}},"35":{"start":{"line":56,"column":0},"end":{"line":56,"column":24}}},"fnMap":{"0":{"name":"mergeObjAndArr","decl":{"start":{"line":5,"column":16},"end":{"line":5,"column":30}},"loc":{"start":{"line":5,"column":57},"end":{"line":33,"column":3}}},"1":{"name":"merge","decl":{"start":{"line":35,"column":16},"end":{"line":35,"column":21}},"loc":{"start":{"line":35,"column":48},"end":{"line":51,"column":1}}},"2":{"name":"set","decl":{"start":{"line":56,"column":24},"end":{"line":56,"column":27}},"loc":{"start":{"line":56,"column":80},"end":{"line":70,"column":1}}},"3":{"name":"(anonymous_3)","decl":{"start":{"line":65,"column":47},"end":{"line":65,"column":48}},"loc":{"start":{"line":65,"column":70},"end":{"line":67,"column":6}}}},"branchMap":{"0":{"loc":{"start":{"line":6,"column":4},"end":{"line":8,"column":null}},"type":"if","locations":[{"start":{"line":6,"column":4},"end":{"line":8,"column":null}}]},"1":{"loc":{"start":{"line":6,"column":8},"end":{"line":6,"column":48}},"type":"binary-expr","locations":[{"start":{"line":6,"column":8},"end":{"line":6,"column":26}},{"start":{"line":6,"column":30},"end":{"line":6,"column":48}}]},"2":{"loc":{"start":{"line":11,"column":6},"end":{"line":11,"column":66}},"type":"if","locations":[{"start":{"line":11,"column":6},"end":{"line":11,"column":66}}]},"3":{"loc":{"start":{"line":14,"column":8},"end":{"line":26,"column":null}},"type":"if","locations":[{"start":{"line":14,"column":8},"end":{"line":26,"column":null}},{"start":{"line":19,"column":15},"end":{"line":26,"column":null}}]},"4":{"loc":{"start":{"line":15,"column":10},"end":{"line":17,"column":null}},"type":"if","locations":[{"start":{"line":15,"column":10},"end":{"line":17,"column":null}}]},"5":{"loc":{"start":{"line":19,"column":15},"end":{"line":26,"column":null}},"type":"if","locations":[{"start":{"line":19,"column":15},"end":{"line":26,"column":null}},{"start":{"line":24,"column":15},"end":{"line":26,"column":null}}]},"6":{"loc":{"start":{"line":20,"column":10},"end":{"line":22,"column":null}},"type":"if","locations":[{"start":{"line":20,"column":10},"end":{"line":22,"column":null}}]},"7":{"loc":{"start":{"line":37,"column":8},"end":{"line":37,"column":68}},"type":"if","locations":[{"start":{"line":37,"column":8},"end":{"line":37,"column":68}}]},"8":{"loc":{"start":{"line":40,"column":12},"end":{"line":44,"column":null}},"type":"if","locations":[{"start":{"line":40,"column":12},"end":{"line":44,"column":null}},{"start":{"line":42,"column":19},"end":{"line":44,"column":null}}]},"9":{"loc":{"start":{"line":57,"column":4},"end":{"line":59,"column":null}},"type":"if","locations":[{"start":{"line":57,"column":4},"end":{"line":59,"column":null}}]},"10":{"loc":{"start":{"line":57,"column":8},"end":{"line":57,"column":47}},"type":"binary-expr","locations":[{"start":{"line":57,"column":8},"end":{"line":57,"column":31}},{"start":{"line":57,"column":35},"end":{"line":57,"column":47}}]},"11":{"loc":{"start":{"line":61,"column":4},"end":{"line":63,"column":null}},"type":"if","locations":[{"start":{"line":61,"column":4},"end":{"line":63,"column":null}}]}},"s":{"0":0,"1":0,"2":0,"3":0,"4":0,"5":0,"6":0,"7":0,"8":0,"9":0,"10":0,"11":0,"12":0,"13":0,"14":0,"15":0,"16":0,"17":2,"18":0,"19":0,"20":0,"21":0,"22":0,"23":0,"24":0,"25":0,"26":0,"27":2,"28":0,"29":0,"30":0,"31":0,"32":0,"33":0,"34":0,"35":2},"f":{"0":0,"1":0,"2":0,"3":0},"b":{"0":[0],"1":[0,0],"2":[0],"3":[0,0],"4":[0],"5":[0,0],"6":[0],"7":[0],"8":[0,0],"9":[0],"10":[0,0],"11":[0]}}
}
