TN:
SF:src\services\router\Route.ts
FN:11,(anonymous_0)
FN:24,(anonymous_1)
FN:31,(anonymous_2)
FN:37,(anonymous_3)
FN:41,(anonymous_4)
FNF:5
FNH:3
FNDA:3,(anonymous_0)
FNDA:0,(anonymous_1)
FNDA:0,(anonymous_2)
FNDA:9,(anonymous_3)
FNDA:1,(anonymous_4)
DA:4,1
DA:12,3
DA:13,3
DA:14,3
DA:15,3
DA:17,3
DA:18,3
DA:19,3
DA:20,3
DA:21,3
DA:25,0
DA:26,0
DA:27,0
DA:32,0
DA:33,0
DA:38,9
DA:42,1
DA:43,1
DA:44,1
DA:47,1
DA:48,1
DA:49,1
DA:50,1
DA:51,1
DA:55,0
DA:56,0
DA:57,0
DA:58,0
LF:28
LH:19
BRDA:25,0,0,0
BRDA:32,1,0,0
BRDA:43,2,0,1
BRDA:47,3,0,1
BRDA:48,4,0,0
BRDA:48,4,1,1
BRDA:48,5,0,1
BRDA:48,5,1,1
BRDA:50,6,0,1
BRDA:56,7,0,0
BRDA:57,8,0,0
BRDA:58,9,0,0
BRDA:58,9,1,0
BRDA:58,10,0,0
BRDA:58,10,1,0
BRF:15
BRH:6
end_of_record
TN:
SF:src\services\router\index.ts
FN:15,(anonymous_1)
FN:35,(anonymous_2)
FN:49,(anonymous_3)
FN:61,(anonymous_4)
FN:75,(anonymous_5)
FN:76,(anonymous_6)
FN:84,(anonymous_7)
FN:90,(anonymous_8)
FN:108,(anonymous_9)
FN:109,(anonymous_10)
FN:112,(anonymous_11)
FN:114,(anonymous_12)
FNF:12
FNH:7
FNDA:1,(anonymous_1)
FNDA:1,(anonymous_2)
FNDA:0,(anonymous_3)
FNDA:3,(anonymous_4)
FNDA:0,(anonymous_5)
FNDA:0,(anonymous_6)
FNDA:1,(anonymous_7)
FNDA:1,(anonymous_8)
FNDA:4,(anonymous_9)
FNDA:9,(anonymous_10)
FNDA:0,(anonymous_11)
FNDA:0,(anonymous_12)
DA:13,1
DA:15,1
DA:16,1
DA:17,1
DA:18,1
DA:19,1
DA:20,1
DA:21,1
DA:22,1
DA:23,1
DA:24,1
DA:26,1
DA:38,1
DA:39,0
DA:41,1
DA:43,1
DA:44,1
DA:45,1
DA:46,1
DA:49,1
DA:50,0
DA:51,0
DA:52,0
DA:53,0
DA:67,3
DA:69,3
DA:71,3
DA:76,0
DA:77,0
DA:80,0
DA:85,1
DA:86,1
DA:92,1
DA:94,1
DA:95,0
DA:96,0
DA:99,1
DA:104,1
DA:105,1
DA:109,9
DA:112,0
DA:114,0
DA:117,1
DA:119,1
LF:44
LH:32
BRDA:15,0,0,1
BRDA:15,0,1,1
BRDA:38,1,0,0
BRDA:51,2,0,0
BRDA:53,3,0,0
BRDA:64,4,0,0
BRDA:65,5,0,3
BRDA:94,6,0,0
BRDA:96,7,0,0
BRDA:99,8,0,0
BRF:10
BRH:3
end_of_record
TN:
SF:src\utils\Block.ts
FN:31,(anonymous_1)
FN:167,(anonymous_2)
FN:43,(anonymous_3)
FN:55,(anonymous_4)
FN:58,(anonymous_5)
FN:66,(anonymous_6)
FN:80,(anonymous_7)
FN:93,(anonymous_8)
FN:96,(anonymous_9)
FN:108,(anonymous_10)
FN:119,(anonymous_11)
FN:120,(anonymous_12)
FN:129,(anonymous_13)
FN:133,(anonymous_14)
FN:143,(anonymous_15)
FN:146,(anonymous_16)
FN:151,(anonymous_17)
FN:154,(anonymous_18)
FN:163,(anonymous_19)
FN:180,(anonymous_20)
FN:190,(anonymous_21)
FN:194,(anonymous_22)
FN:197,(anonymous_23)
FN:209,(anonymous_24)
FN:220,(anonymous_25)
FN:223,(anonymous_26)
FN:227,(anonymous_27)
FN:230,(anonymous_28)
FN:235,(anonymous_29)
FN:240,(anonymous_30)
FN:243,(anonymous_31)
FN:246,(anonymous_32)
FNF:32
FNH:15
FNDA:3,(anonymous_1)
FNDA:0,(anonymous_2)
FNDA:5,(anonymous_3)
FNDA:4,(anonymous_4)
FNDA:8,(anonymous_5)
FNDA:0,(anonymous_6)
FNDA:0,(anonymous_7)
FNDA:3,(anonymous_8)
FNDA:0,(anonymous_9)
FNDA:3,(anonymous_10)
FNDA:3,(anonymous_11)
FNDA:3,(anonymous_12)
FNDA:3,(anonymous_13)
FNDA:3,(anonymous_14)
FNDA:0,(anonymous_15)
FNDA:0,(anonymous_16)
FNDA:0,(anonymous_17)
FNDA:0,(anonymous_18)
FNDA:0,(anonymous_19)
FNDA:3,(anonymous_20)
FNDA:3,(anonymous_21)
FNDA:0,(anonymous_22)
FNDA:0,(anonymous_23)
FNDA:0,(anonymous_24)
FNDA:3,(anonymous_25)
FNDA:0,(anonymous_26)
FNDA:0,(anonymous_27)
FNDA:0,(anonymous_28)
FNDA:0,(anonymous_29)
FNDA:0,(anonymous_30)
FNDA:2,(anonymous_31)
FNDA:2,(anonymous_32)
DA:1,2
DA:2,2
DA:3,2
DA:4,2
DA:8,2
DA:9,2
DA:34,3
DA:35,3
DA:36,3
DA:37,3
DA:38,3
DA:41,3
DA:43,5
DA:45,3
DA:48,3
DA:56,4
DA:59,8
DA:60,1
DA:62,7
DA:63,7
DA:67,0
DA:68,0
DA:69,0
DA:70,0
DA:72,0
DA:73,0
DA:74,0
DA:75,0
DA:76,0
DA:81,0
DA:82,0
DA:84,0
DA:85,0
DA:90,4
DA:94,3
DA:95,3
DA:96,3
DA:97,0
DA:98,0
DA:100,0
DA:104,3
DA:110,3
DA:111,3
DA:112,3
DA:113,3
DA:123,3
DA:124,3
DA:126,3
DA:130,3
DA:131,3
DA:135,3
DA:138,3
DA:144,0
DA:147,0
DA:155,0
DA:157,0
DA:164,0
DA:167,3
DA:168,0
DA:169,0
DA:172,0
DA:173,0
DA:174,0
DA:176,0
DA:177,0
DA:182,3
DA:185,3
DA:186,3
DA:187,3
DA:191,3
DA:195,0
DA:197,0
DA:198,0
DA:203,0
DA:205,0
DA:207,0
DA:209,0
DA:210,0
DA:212,0
DA:214,0
DA:217,0
DA:221,3
DA:223,3
DA:224,0
DA:228,0
DA:230,0
DA:231,0
DA:237,0
DA:241,0
DA:244,2
DA:247,2
LF:91
LH:46
BRDA:31,0,0,2
BRDA:31,1,0,3
BRDA:168,2,0,0
BRDA:173,3,0,0
BRDA:176,4,0,0
BRDA:59,5,0,1
BRDA:63,6,0,0
BRDA:63,6,1,7
BRDA:67,7,0,0
BRDA:67,7,1,0
BRDA:69,8,0,0
BRDA:69,8,1,0
BRDA:81,9,0,0
BRDA:81,9,1,0
BRDA:97,10,0,0
BRDA:97,10,1,0
BRDA:155,11,0,0
BRDA:155,11,1,0
BRDA:164,12,0,0
BRDA:164,12,1,0
BRDA:194,13,0,0
BRDA:212,14,0,0
BRDA:221,15,0,3
BRDA:228,16,0,0
BRF:24
BRH:5
end_of_record
TN:
SF:src\utils\EventBus.ts
FN:3,(anonymous_0)
FN:6,(anonymous_1)
FN:15,(anonymous_2)
FN:21,(anonymous_3)
FN:26,(anonymous_4)
FN:31,(anonymous_5)
FNF:6
FNH:4
FNDA:5,(anonymous_0)
FNDA:12,(anonymous_1)
FNDA:0,(anonymous_2)
FNDA:0,(anonymous_3)
FNDA:6,(anonymous_4)
FNDA:6,(anonymous_5)
DA:3,2
DA:4,5
DA:7,12
DA:8,12
DA:12,12
DA:16,0
DA:17,0
DA:20,0
DA:21,0
DA:27,6
DA:28,0
DA:31,6
DA:32,6
DA:37,2
DA:38,2
LF:15
LH:10
BRDA:7,0,0,12
BRDA:16,1,0,0
BRDA:27,2,0,0
BRF:3
BRH:1
end_of_record
TN:
SF:src\utils\HTTPTransport.ts
FN:1,(anonymous_0)
FN:15,queryStringify
FN:17,(anonymous_2)
FN:24,(anonymous_3)
FN:28,(anonymous_4)
FN:33,(anonymous_5)
FN:40,(anonymous_6)
FN:48,(anonymous_7)
FN:55,(anonymous_8)
FN:62,(anonymous_9)
FN:65,(anonymous_10)
FN:69,(anonymous_11)
FN:80,(anonymous_12)
FN:81,(anonymous_13)
FN:83,(anonymous_14)
FNF:15
FNH:11
FNDA:1,(anonymous_0)
FNDA:2,queryStringify
FNDA:8,(anonymous_2)
FNDA:1,(anonymous_3)
FNDA:2,(anonymous_4)
FNDA:2,(anonymous_5)
FNDA:1,(anonymous_6)
FNDA:1,(anonymous_7)
FNDA:2,(anonymous_8)
FNDA:8,(anonymous_9)
FNDA:8,(anonymous_10)
FNDA:0,(anonymous_11)
FNDA:0,(anonymous_12)
FNDA:0,(anonymous_13)
FNDA:0,(anonymous_14)
DA:1,1
DA:2,1
DA:3,1
DA:4,1
DA:5,1
DA:6,1
DA:15,1
DA:16,2
DA:17,8
DA:21,1
DA:25,1
DA:29,2
DA:30,2
DA:34,2
DA:41,1
DA:49,1
DA:56,2
DA:63,8
DA:65,8
DA:66,8
DA:67,8
DA:69,8
DA:70,0
DA:71,0
DA:72,0
DA:75,0
DA:80,8
DA:81,8
DA:82,8
DA:83,8
DA:85,8
DA:86,0
DA:88,8
DA:91,8
DA:92,8
DA:94,8
DA:95,4
DA:96,4
DA:97,0
DA:99,4
LF:40
LH:34
BRDA:1,0,0,1
BRDA:1,0,1,1
BRDA:28,1,0,0
BRDA:29,2,0,1
BRDA:29,2,1,1
BRDA:62,3,0,2
BRDA:70,4,0,0
BRDA:71,5,0,0
BRDA:71,5,1,0
BRDA:85,6,0,0
BRDA:85,6,1,8
BRDA:94,7,0,4
BRDA:94,7,1,4
BRDA:94,8,0,8
BRDA:94,8,1,6
BRDA:96,9,0,0
BRDA:96,9,1,4
BRF:17
BRH:11
end_of_record
TN:
SF:src\utils\isEqual.ts
FN:5,isEqual
FN:38,isEqualObjAndArr
FNF:2
FNH:0
FNDA:0,isEqual
FNDA:0,isEqualObjAndArr
DA:6,0
DA:7,0
DA:10,0
DA:11,0
DA:13,0
DA:14,0
DA:17,0
DA:18,0
DA:20,0
DA:21,0
DA:23,0
DA:24,0
DA:25,0
DA:27,0
DA:28,0
DA:32,0
DA:36,2
DA:38,2
DA:39,0
DA:40,0
DA:43,0
DA:44,0
DA:46,0
DA:47,0
DA:50,0
DA:51,0
DA:52,0
DA:55,0
DA:56,0
DA:57,0
DA:61,0
DA:64,0
DA:65,0
DA:67,0
DA:68,0
DA:71,0
DA:72,0
DA:74,0
DA:75,0
DA:77,0
DA:78,0
DA:79,0
DA:81,0
DA:82,0
DA:86,0
LF:45
LH:2
BRDA:6,0,0,0
BRDA:6,1,0,0
BRDA:6,1,1,0
BRDA:13,2,0,0
BRDA:23,3,0,0
BRDA:23,3,1,0
BRDA:23,4,0,0
BRDA:23,4,1,0
BRDA:24,5,0,0
BRDA:27,6,0,0
BRDA:39,7,0,0
BRDA:39,8,0,0
BRDA:39,8,1,0
BRDA:46,9,0,0
BRDA:50,10,0,0
BRDA:51,11,0,0
BRDA:56,12,0,0
BRDA:67,13,0,0
BRDA:77,14,0,0
BRDA:77,14,1,0
BRDA:77,15,0,0
BRDA:77,15,1,0
BRDA:78,16,0,0
BRDA:81,17,0,0
BRF:24
BRH:0
end_of_record
TN:
SF:src\utils\randomID.ts
FN:6,randomID
FNF:1
FNH:1
FNDA:3,randomID
DA:7,3
DA:8,3
DA:9,3
DA:10,18
DA:12,3
DA:15,2
LF:6
LH:6
BRDA:6,0,0,3
BRDA:7,1,0,3
BRDA:7,1,1,3
BRF:3
BRH:3
end_of_record
TN:
SF:src\utils\set.ts
FN:5,mergeObjAndArr
FN:35,merge
FN:56,set
FN:65,(anonymous_3)
FNF:4
FNH:0
FNDA:0,mergeObjAndArr
FNDA:0,merge
FNDA:0,set
FNDA:0,(anonymous_3)
DA:5,2
DA:6,0
DA:7,0
DA:10,0
DA:11,0
DA:13,0
DA:14,0
DA:15,0
DA:16,0
DA:18,0
DA:19,0
DA:20,0
DA:21,0
DA:23,0
DA:25,0
DA:28,0
DA:32,0
DA:35,2
DA:36,0
DA:37,0
DA:39,0
DA:40,0
DA:41,0
DA:43,0
DA:46,0
DA:50,0
DA:56,2
DA:57,0
DA:58,0
DA:61,0
DA:62,0
DA:65,0
DA:69,0
LF:33
LH:3
BRDA:6,0,0,0
BRDA:6,1,0,0
BRDA:6,1,1,0
BRDA:11,2,0,0
BRDA:14,3,0,0
BRDA:14,3,1,0
BRDA:15,4,0,0
BRDA:19,5,0,0
BRDA:19,5,1,0
BRDA:20,6,0,0
BRDA:37,7,0,0
BRDA:40,8,0,0
BRDA:40,8,1,0
BRDA:57,9,0,0
BRDA:57,10,0,0
BRDA:57,10,1,0
BRDA:61,11,0,0
BRF:17
BRH:0
end_of_record
